<?xml version="1.0" encoding="UTF-8"?>
<testsuite xmlns:xsi="http://www.w3.org/2001/XMLSchema-instance" xsi:noNamespaceSchemaLocation="https://maven.apache.org/surefire/maven-surefire-plugin/xsd/surefire-test-report-3.0.xsd" version="3.0" name="org.openjfx.DependentAdditionTest" time="0.137" tests="15" errors="0" skipped="0" failures="0">
  <properties>
[...]
</properties>
  <testcase name="dependentCreationTest1" classname="org.openjfx.DependentAdditionTest" time="0.055"/>
  <testcase name="dependentCreationTest2" classname="org.openjfx.DependentAdditionTest" time="0.002"/>
  <testcase name="dependentCreationTest3" classname="org.openjfx.DependentAdditionTest" time="0.002"/>
  <testcase name="getDependentFromDB_FormNumberTest1" classname="org.openjfx.DependentAdditionTest" time="0.002"/>
  <testcase name="getDependentFromDB_FormNumberTest2" classname="org.openjfx.DependentAdditionTest" time="0.001"/>
  <testcase name="getDependentFromDB_AlienNumTest1" classname="org.openjfx.DependentAdditionTest" time="0.001"/>
  <testcase name="getDependentFromDB_AlienNumTest2" classname="org.openjfx.DependentAdditionTest" time="0.001"/>
  <testcase name="toStringTest" classname="org.openjfx.DependentAdditionTest" time="0.024"/>
  <testcase name="updateDependentTest1" classname="org.openjfx.DependentAdditionTest" time="0.002"/>
  <testcase name="updateDependentTest2" classname="org.openjfx.DependentAdditionTest" time="0.001"/>
  <testcase name="saveToDBTest" classname="org.openjfx.DependentAdditionTest" time="0.002"/>
  <testcase name="validateDependentTest1" classname="org.openjfx.DependentAdditionTest" time="0.001"/>
  <testcase name="validateDependentTest2" classname="org.openjfx.DependentAdditionTest" time="0.0"/>
  <testcase name="validateDependentTest3" classname="org.openjfx.DependentAdditionTest" time="0.002"/>
  <testcase name="validateDependentTest4" classname="org.openjfx.DependentAdditionTest" time="0.001"/>
</testsuite>